<?xml version="1.0" encoding="UTF-8"?>
<!-- Generated by org.testng.reporters.JUnitReportReporter -->
<testsuite hostname="DESKTOP-QFR9LHT" failures="0" tests="1" name="DataDrivenTestingFromExcel.DataDrivenFromExcelFile" time="1.057" errors="0" timestamp="2022-07-19T17:10:16 PDT" skipped="0">
  <testcase classname="DataDrivenTestingFromExcel.DataDrivenFromExcelFile" name="readDataFromExcel" time="1.057"/>
  <system-out/>
</testsuite> <!-- DataDrivenTestingFromExcel.DataDrivenFromExcelFile -->
