<?xml version="1.0" encoding="UTF-8"?>
<!-- Generated by org.testng.reporters.JUnitReportReporter -->
<testsuite hostname="DESKTOP-QFR9LHT" failures="0" tests="1" name="Sample.newTEst" time="0.018" errors="0" timestamp="2022-07-18T18:46:27 PDT" skipped="0">
  <testcase classname="Sample.newTEst" name="f" time="0.018"/>
  <system-out/>
</testsuite> <!-- Sample.newTEst -->
