<?xml version="1.0" encoding="UTF-8"?>
<!-- Generated by org.testng.reporters.JUnitReportReporter -->
<testsuite hostname="DESKTOP-QFR9LHT" failures="0" tests="1" name="Sample.NewTestExtension" time="5.261" errors="0" timestamp="2022-07-19T13:04:29 PDT" skipped="0">
  <testcase classname="Sample.NewTestExtension" name="f" time="5.261"/>
  <system-out>
    <![CDATA[Hi]]>
  </system-out>
</testsuite> <!-- Sample.NewTestExtension -->
