<?xml version="1.0" encoding="UTF-8"?>
<!-- Generated by org.testng.reporters.JUnitReportReporter -->
<testsuite hostname="DESKTOP-QFR9LHT" failures="0" tests="1" name="ShoppingCart.ShoppingCartImplementation" time="24.541" errors="0" timestamp="2022-07-20T15:32:02 PDT" skipped="0">
  <testcase classname="ShoppingCart.ShoppingCartImplementation" name="Shoppingcart" time="24.541"/>
  <system-out/>
</testsuite> <!-- ShoppingCart.ShoppingCartImplementation -->
